\BOOKMARK [0][-]{Doc-Start}{Figures\040and\040Tables}{}% 1
\BOOKMARK [0][-]{chapter*.1}{List\040of\040Algorithms}{}% 2
\BOOKMARK [0][-]{chapter.1}{Introduction}{}% 3
\BOOKMARK [1][-]{section.1.1}{Organization}{chapter.1}% 4
\BOOKMARK [0][-]{chapter.2}{Background}{}% 5
\BOOKMARK [1][-]{section.2.1}{Theoretical\040Foundations}{chapter.2}% 6
\BOOKMARK [2][-]{subsection.2.1.1}{Grammars}{section.2.1}% 7
\BOOKMARK [2][-]{subsection.2.1.2}{Grammar\040Metrics}{section.2.1}% 8
\BOOKMARK [1][-]{section.2.2}{Alternative\040Approaches}{chapter.2}% 9
\BOOKMARK [1][-]{section.2.3}{Research\040Contributions}{chapter.2}% 10
\BOOKMARK [0][-]{chapter.3}{Algorithms}{}% 11
\BOOKMARK [1][-]{section.3.1}{Normalization\040Algorithm}{chapter.3}% 12
\BOOKMARK [2][-]{subsection.3.1.1}{Eliminating\040Unused\040Rules}{section.3.1}% 13
\BOOKMARK [2][-]{subsection.3.1.2}{Simplifying\040Productions}{section.3.1}% 14
\BOOKMARK [2][-]{subsection.3.1.3}{Merging\040Equivalent\040Productions}{section.3.1}% 15
\BOOKMARK [2][-]{subsection.3.1.4}{Eliminating\040Unit\040Productions}{section.3.1}% 16
\BOOKMARK [2][-]{subsection.3.1.5}{Expanding\040Productions}{section.3.1}% 17
\BOOKMARK [2][-]{subsection.3.1.6}{Collapsing\040Compatible\040Productions}{section.3.1}% 18
\BOOKMARK [1][-]{section.3.2}{Merging\040Algorithm}{chapter.3}% 19
\BOOKMARK [2][-]{subsection.3.2.1}{Measure}{section.3.2}% 20
\BOOKMARK [2][-]{subsection.3.2.2}{Process}{section.3.2}% 21
\BOOKMARK [2][-]{subsection.3.2.3}{Merge}{section.3.2}% 22
\BOOKMARK [2][-]{subsection.3.2.4}{Update}{section.3.2}% 23
\BOOKMARK [2][-]{subsection.3.2.5}{Outcome}{section.3.2}% 24
\BOOKMARK [1][-]{section.3.3}{Islandization}{chapter.3}% 25
\BOOKMARK [2][-]{subsection.3.3.1}{Naive\040Island\040Grammar\040Generation}{section.3.3}% 26
\BOOKMARK [2][-]{subsection.3.3.2}{Interest\040Configuration\040Generation}{section.3.3}% 27
\BOOKMARK [1][-]{section.3.4}{Tolerization}{chapter.3}% 28
\BOOKMARK [1][-]{section.3.5}{Bounding\040The\040Seas}{chapter.3}% 29
\BOOKMARK [1][-]{section.3.6}{Bridgization}{chapter.3}% 30
\BOOKMARK [0][-]{chapter.4}{Tool}{}% 31
\BOOKMARK [1][-]{section.4.1}{Design}{chapter.4}% 32
\BOOKMARK [1][-]{section.4.2}{Implementation}{chapter.4}% 33
\BOOKMARK [0][-]{chapter.5}{Experimental\040Designs}{}% 34
\BOOKMARK [1][-]{section.5.1}{Experiment\0401:\040Evaluating\040Normalization}{chapter.5}% 35
\BOOKMARK [2][-]{subsection.5.1.1}{Goals,\040Hypotheses,\040Variables}{section.5.1}% 36
\BOOKMARK [2][-]{subsection.5.1.2}{Design}{section.5.1}% 37
\BOOKMARK [2][-]{subsection.5.1.3}{Experimental\040Units}{section.5.1}% 38
\BOOKMARK [2][-]{subsection.5.1.4}{Data\040Collection\040Procedures}{section.5.1}% 39
\BOOKMARK [2][-]{subsection.5.1.5}{Analysis\040Procedures}{section.5.1}% 40
\BOOKMARK [2][-]{subsection.5.1.6}{Validity\040Evaluation}{section.5.1}% 41
\BOOKMARK [1][-]{section.5.2}{Experiment\0402:\040Evaluating\040Merging}{chapter.5}% 42
\BOOKMARK [2][-]{subsection.5.2.1}{Goals,\040Hypotheses,\040Variables}{section.5.2}% 43
\BOOKMARK [2][-]{subsection.5.2.2}{Design}{section.5.2}% 44
\BOOKMARK [2][-]{subsection.5.2.3}{Experimental\040Units}{section.5.2}% 45
\BOOKMARK [2][-]{subsection.5.2.4}{Data\040Collection\040Procedures}{section.5.2}% 46
\BOOKMARK [2][-]{subsection.5.2.5}{Analysis\040Procedures}{section.5.2}% 47
\BOOKMARK [2][-]{subsection.5.2.6}{Validity\040Evaluation}{section.5.2}% 48
\BOOKMARK [1][-]{section.5.3}{Experiment\0403:\040Evaluating\040Islandization}{chapter.5}% 49
\BOOKMARK [2][-]{subsection.5.3.1}{Goals,\040Hypotheses,\040Variables}{section.5.3}% 50
\BOOKMARK [2][-]{subsection.5.3.2}{Design}{section.5.3}% 51
\BOOKMARK [2][-]{subsection.5.3.3}{Experimental\040Units}{section.5.3}% 52
\BOOKMARK [2][-]{subsection.5.3.4}{Instrumentation}{section.5.3}% 53
\BOOKMARK [2][-]{subsection.5.3.5}{Data\040Collection\040Procedures}{section.5.3}% 54
\BOOKMARK [2][-]{subsection.5.3.6}{Analysis\040Procedures}{section.5.3}% 55
\BOOKMARK [2][-]{subsection.5.3.7}{Validity\040Evaluation}{section.5.3}% 56
\BOOKMARK [1][-]{section.5.4}{Experiment\0404:\040Evaluating\040Tolerization}{chapter.5}% 57
\BOOKMARK [2][-]{subsection.5.4.1}{Goals,\040Hypotheses,\040Variables}{section.5.4}% 58
\BOOKMARK [2][-]{subsection.5.4.2}{Design}{section.5.4}% 59
\BOOKMARK [2][-]{subsection.5.4.3}{Experimental\040Units}{section.5.4}% 60
\BOOKMARK [2][-]{subsection.5.4.4}{Data\040Collection\040Procedures}{section.5.4}% 61
\BOOKMARK [2][-]{subsection.5.4.5}{Analysis\040Procedures}{section.5.4}% 62
\BOOKMARK [2][-]{subsection.5.4.6}{Validity\040Evaluation}{section.5.4}% 63
\BOOKMARK [1][-]{section.5.5}{Experiment\0405:\040Evaluating\040Bounding\040the\040Seas}{chapter.5}% 64
\BOOKMARK [2][-]{subsection.5.5.1}{Goals,\040Hypotheses,\040Variables}{section.5.5}% 65
\BOOKMARK [2][-]{subsection.5.5.2}{Design}{section.5.5}% 66
\BOOKMARK [2][-]{subsection.5.5.3}{Experimental\040Units}{section.5.5}% 67
\BOOKMARK [2][-]{subsection.5.5.4}{Data\040Collection\040Procedures}{section.5.5}% 68
\BOOKMARK [2][-]{subsection.5.5.5}{Analysis\040Procedures}{section.5.5}% 69
\BOOKMARK [2][-]{subsection.5.5.6}{Validity\040Evaluation}{section.5.5}% 70
\BOOKMARK [1][-]{section.5.6}{Experiment\0406:\040Evaluating\040Bridgization}{chapter.5}% 71
\BOOKMARK [2][-]{subsection.5.6.1}{Goals,\040Hypotheses,\040Variables}{section.5.6}% 72
\BOOKMARK [2][-]{subsection.5.6.2}{Design}{section.5.6}% 73
\BOOKMARK [2][-]{subsection.5.6.3}{Experimental\040Units}{section.5.6}% 74
\BOOKMARK [2][-]{subsection.5.6.4}{Data\040Collection\040Procedures}{section.5.6}% 75
\BOOKMARK [2][-]{subsection.5.6.5}{Analysis\040Procedures}{section.5.6}% 76
\BOOKMARK [2][-]{subsection.5.6.6}{Validity\040Evaluation}{section.5.6}% 77
\BOOKMARK [0][-]{chapter.6}{Results}{}% 78
\BOOKMARK [1][-]{section.6.1}{Experiment\0401:\040Evaluating\040Normalization}{chapter.6}% 79
\BOOKMARK [2][-]{subsection.6.1.1}{Descriptive\040Statistics}{section.6.1}% 80
\BOOKMARK [2][-]{subsection.6.1.2}{Hypothesis\040Testing}{section.6.1}% 81
\BOOKMARK [1][-]{section.6.2}{Experiment\0402:\040Evaluating\040Merging}{chapter.6}% 82
\BOOKMARK [2][-]{subsection.6.2.1}{Descriptive\040Statistics}{section.6.2}% 83
\BOOKMARK [2][-]{subsection.6.2.2}{Hypothesis\040Testing}{section.6.2}% 84
\BOOKMARK [1][-]{section.6.3}{Experiment\0403:\040Evaluating\040Islandization}{chapter.6}% 85
\BOOKMARK [2][-]{subsection.6.3.1}{Descriptive\040Statistics}{section.6.3}% 86
\BOOKMARK [2][-]{subsection.6.3.2}{Hypothesis\040Testing}{section.6.3}% 87
\BOOKMARK [1][-]{section.6.4}{Experiment\0404:\040Evaluating\040Tolerization}{chapter.6}% 88
\BOOKMARK [2][-]{subsection.6.4.1}{Descriptive\040Statistics}{section.6.4}% 89
\BOOKMARK [2][-]{subsection.6.4.2}{Hypothesis\040Testing}{section.6.4}% 90
\BOOKMARK [1][-]{section.6.5}{Experiment\0405:\040Evaluating\040Bounding\040the\040Seas}{chapter.6}% 91
\BOOKMARK [2][-]{subsection.6.5.1}{Descriptive\040Statistics}{section.6.5}% 92
\BOOKMARK [2][-]{subsection.6.5.2}{Hypothesis\040Testing}{section.6.5}% 93
\BOOKMARK [1][-]{section.6.6}{Experiment\0406:\040Evaluating\040Bridgization}{chapter.6}% 94
\BOOKMARK [2][-]{subsection.6.6.1}{Descriptive\040Statistics}{section.6.6}% 95
\BOOKMARK [2][-]{subsection.6.6.2}{Hypothesis\040Testing}{section.6.6}% 96
\BOOKMARK [0][-]{chapter.7}{Analysis\040and\040Interpretation}{}% 97
\BOOKMARK [0][-]{chapter.8}{Threats\040to\040Validity}{}% 98
\BOOKMARK [1][-]{section.8.1}{Experiment\0401:\040Evaluating\040Normalization}{chapter.8}% 99
\BOOKMARK [1][-]{section.8.2}{Experiment\0402:\040Evaluating\040Merging}{chapter.8}% 100
\BOOKMARK [1][-]{section.8.3}{Experiment\0403:\040Evaluating\040Islandiation}{chapter.8}% 101
\BOOKMARK [1][-]{section.8.4}{Experiment\0404:\040Evaluating\040Tolerization}{chapter.8}% 102
\BOOKMARK [1][-]{section.8.5}{Experiment\0405:\040Evaluating\040Bounding\040the\040Seas}{chapter.8}% 103
\BOOKMARK [1][-]{section.8.6}{Experiment\0406:\040Evaluating\040Bridgization}{chapter.8}% 104
\BOOKMARK [0][-]{chapter.9}{Conclusions\040and\040Future\040Work}{}% 105
\BOOKMARK [0][-]{chapter*.24}{References}{}% 106
